[19Mar2025 16:06:06.831] [main/INFO] [cpw.mods.modlauncher.Launcher/MODLAUNCHER]: ModLauncher running: args [--launchTarget, forgedatauserdev, --assetIndex, 5, --assetsDir, C:\Users\dmitry.radchuk\.gradle\caches\forge_gradle\assets, --gameDir, ., --fml.forgeVersion, 47.3.12, --fml.mcVersion, 1.20.1, --fml.forgeGroup, net.minecraftforge, --fml.mcpVersion, 20230612.114412, --mod, modpatch, --all, --output, C:\Development\test\illusioner-patch\src\generated\resources, --existing, C:\Development\test\illusioner-patch\src\main\resources, --mixin.config, modpatch.mixins.json]
[19Mar2025 16:06:06.841] [main/INFO] [cpw.mods.modlauncher.Launcher/MODLAUNCHER]: ModLauncher 10.0.10+10.0.10+main.22f00f84 starting: java version 17.0.13 by Amazon.com Inc.; OS Windows 10 arch amd64 version 10.0
[19Mar2025 16:06:06.932] [main/WARN] [net.minecraftforge.fml.loading.FMLConfig/CORE]: Configuration file C:\Development\test\illusioner-patch\run-data\config\fml.toml is not correct. Correcting
[19Mar2025 16:06:06.933] [main/INFO] [net.minecraftforge.fml.loading.FMLConfig/CORE]: Incorrect key [earlyWindowSkipGLVersions] was corrected from null to []
[19Mar2025 16:06:06.934] [main/INFO] [net.minecraftforge.fml.loading.FMLConfig/CORE]: Incorrect key [earlyWindowLogHelpMessage] was corrected from null to true
[19Mar2025 16:06:06.934] [main/INFO] [net.minecraftforge.fml.loading.FMLConfig/CORE]: Incorrect key [earlyWindowSquir] was corrected from null to false
[19Mar2025 16:06:06.934] [main/INFO] [net.minecraftforge.fml.loading.FMLConfig/CORE]: Incorrect key [earlyWindowShowCPU] was corrected from null to false
[19Mar2025 16:06:06.947] [main/INFO] [net.minecraftforge.fml.loading.ImmediateWindowHandler/]: ImmediateWindowProvider not loading because launch target is forgedatauserdev
[19Mar2025 16:06:06.979] [main/INFO] [mixin/]: SpongePowered MIXIN Subsystem Version=0.8.5 Source=union:/C:/Users/dmitry.radchuk/.gradle/caches/modules-2/files-2.1/org.spongepowered/mixin/0.8.5/9d1c0c3a304ae6697ecd477218fa61b850bf57fc/mixin-0.8.5.jar%23132!/ Service=ModLauncher Env=CLIENT
[19Mar2025 16:06:07.228] [main/WARN] [net.minecraftforge.fml.loading.moddiscovery.ModFileParser/LOADING]: Mod file C:\Users\dmitry.radchuk\.gradle\caches\modules-2\files-2.1\net.minecraftforge\javafmllanguage\1.20.1-47.3.12\f6b9f7f45e33548b47f78d9f54c7b4eb1e94e9bd\javafmllanguage-1.20.1-47.3.12.jar is missing mods.toml file
[19Mar2025 16:06:07.229] [main/WARN] [net.minecraftforge.fml.loading.moddiscovery.ModFileParser/LOADING]: Mod file C:\Users\dmitry.radchuk\.gradle\caches\modules-2\files-2.1\net.minecraftforge\lowcodelanguage\1.20.1-47.3.12\81de74e1180787af25604b6ecb3728fc485bd3c7\lowcodelanguage-1.20.1-47.3.12.jar is missing mods.toml file
[19Mar2025 16:06:07.230] [main/WARN] [net.minecraftforge.fml.loading.moddiscovery.ModFileParser/LOADING]: Mod file C:\Users\dmitry.radchuk\.gradle\caches\modules-2\files-2.1\net.minecraftforge\mclanguage\1.20.1-47.3.12\1ff4ed058e0774b82d8da352d9e051e6d2a154eb\mclanguage-1.20.1-47.3.12.jar is missing mods.toml file
[19Mar2025 16:06:07.232] [main/WARN] [net.minecraftforge.fml.loading.moddiscovery.ModFileParser/LOADING]: Mod file C:\Users\dmitry.radchuk\.gradle\caches\modules-2\files-2.1\net.minecraftforge\fmlcore\1.20.1-47.3.12\9a4d9f99e106aa2358cdbe6777921855d353371\fmlcore-1.20.1-47.3.12.jar is missing mods.toml file
[19Mar2025 16:06:07.472] [main/INFO] [net.minecraftforge.fml.loading.moddiscovery.JarInJarDependencyLocator/]: Found 3 dependencies adding them to mods collection
[19Mar2025 16:06:08.815] [main/INFO] [mixin/]: Compatibility level set to JAVA_17
[19Mar2025 16:06:08.830] [main/INFO] [cpw.mods.modlauncher.LaunchServiceHandler/MODLAUNCHER]: Launching target 'forgedatauserdev' with arguments [--gameDir, ., --assetsDir, C:\Users\dmitry.radchuk\.gradle\caches\forge_gradle\assets, --assetIndex, 5, --mod, modpatch, --all, --output, C:\Development\test\illusioner-patch\src\generated\resources, --existing, C:\Development\test\illusioner-patch\src\main\resources]
[19Mar2025 16:06:08.913] [main/WARN] [mixin/]: Reference map 'modpatch.refmap.json' for modpatch.mixins.json could not be read. If this is a development environment you can ignore this message
[19Mar2025 16:06:09.078] [main/INFO] [mixin/]: Remapping refMap attributeslib.refmap.json using C:\Development\test\illusioner-patch\build\createSrgToMcp\output.srg
[19Mar2025 16:06:09.207] [main/INFO] [mixin/]: Remapping refMap moonlight-common-refmap.json using C:\Development\test\illusioner-patch\build\createSrgToMcp\output.srg
[19Mar2025 16:06:09.208] [main/INFO] [mixin/]: Remapping refMap moonlight-forge-refmap.json using C:\Development\test\illusioner-patch\build\createSrgToMcp\output.srg
[19Mar2025 16:06:09.243] [main/INFO] [mixin/]: Remapping refMap zeta.mixins.refmap.json using C:\Development\test\illusioner-patch\build\createSrgToMcp\output.srg
[19Mar2025 16:06:09.245] [main/INFO] [mixin/]: Remapping refMap zeta.mixins.refmap.json using C:\Development\test\illusioner-patch\build\createSrgToMcp\output.srg
[19Mar2025 16:06:09.246] [main/INFO] [mixin/]: Remapping refMap dummmmmmy-common-refmap.json using C:\Development\test\illusioner-patch\build\createSrgToMcp\output.srg
[19Mar2025 16:06:09.248] [main/INFO] [mixin/]: Remapping refMap quark.mixins.refmap.json using C:\Development\test\illusioner-patch\build\createSrgToMcp\output.srg
[19Mar2025 16:06:09.249] [main/INFO] [mixin/]: Remapping refMap quark.mixins.refmap.json using C:\Development\test\illusioner-patch\build\createSrgToMcp\output.srg
[19Mar2025 16:06:09.249] [main/INFO] [mixin/]: Remapping refMap mixins.epicfight.refmap.json using C:\Development\test\illusioner-patch\build\createSrgToMcp\output.srg
[19Mar2025 16:06:09.250] [main/INFO] [mixin/]: Remapping refMap placebo.refmap.json using C:\Development\test\illusioner-patch\build\createSrgToMcp\output.srg
[19Mar2025 16:06:09.297] [main/FATAL] [mixin/]: Mixin prepare failed preparing MapRendererMixin in modpatch.mixins.json: org.spongepowered.asm.mixin.transformer.throwables.InvalidMixinException The specified mixin 'com.unknown.patch.mixin.MapRendererMixin' was not found
org.spongepowered.asm.mixin.transformer.throwables.InvalidMixinException: The specified mixin 'com.unknown.patch.mixin.MapRendererMixin' was not found
	at org.spongepowered.asm.mixin.transformer.MixinInfo.<init>(MixinInfo.java:864) ~[mixin-0.8.5.jar:0.8.5+Jenkins-b310.git-155314e6e91465dad727e621a569906a410cd6f4]
	at org.spongepowered.asm.mixin.transformer.MixinConfig.prepareMixins(MixinConfig.java:850) ~[mixin-0.8.5.jar:0.8.5+Jenkins-b310.git-155314e6e91465dad727e621a569906a410cd6f4]
	at org.spongepowered.asm.mixin.transformer.MixinConfig.prepare(MixinConfig.java:779) ~[mixin-0.8.5.jar:0.8.5+Jenkins-b310.git-155314e6e91465dad727e621a569906a410cd6f4]
	at org.spongepowered.asm.mixin.transformer.MixinProcessor.prepareConfigs(MixinProcessor.java:539) ~[mixin-0.8.5.jar:0.8.5+Jenkins-b310.git-155314e6e91465dad727e621a569906a410cd6f4]
	at org.spongepowered.asm.mixin.transformer.MixinProcessor.select(MixinProcessor.java:462) ~[mixin-0.8.5.jar:0.8.5+Jenkins-b310.git-155314e6e91465dad727e621a569906a410cd6f4]
	at org.spongepowered.asm.mixin.transformer.MixinProcessor.checkSelect(MixinProcessor.java:438) ~[mixin-0.8.5.jar:0.8.5+Jenkins-b310.git-155314e6e91465dad727e621a569906a410cd6f4]
	at org.spongepowered.asm.mixin.transformer.MixinProcessor.applyMixins(MixinProcessor.java:290) ~[mixin-0.8.5.jar:0.8.5+Jenkins-b310.git-155314e6e91465dad727e621a569906a410cd6f4]
	at org.spongepowered.asm.mixin.transformer.MixinTransformer.transformClass(MixinTransformer.java:250) ~[mixin-0.8.5.jar:0.8.5+Jenkins-b310.git-155314e6e91465dad727e621a569906a410cd6f4]
	at org.spongepowered.asm.service.modlauncher.MixinTransformationHandler.processClass(MixinTransformationHandler.java:131) ~[mixin-0.8.5.jar:0.8.5+Jenkins-b310.git-155314e6e91465dad727e621a569906a410cd6f4]
	at org.spongepowered.asm.launch.MixinLaunchPluginLegacy.processClass(MixinLaunchPluginLegacy.java:131) ~[mixin-0.8.5.jar:0.8.5+Jenkins-b310.git-155314e6e91465dad727e621a569906a410cd6f4]
	at cpw.mods.modlauncher.serviceapi.ILaunchPluginService.processClassWithFlags(ILaunchPluginService.java:156) ~[modlauncher-10.0.10.jar:10.0.10+10.0.10+main.22f00f84]
	at cpw.mods.modlauncher.LaunchPluginHandler.offerClassNodeToPlugins(LaunchPluginHandler.java:88) ~[modlauncher-10.0.10.jar:?]
	at cpw.mods.modlauncher.ClassTransformer.transform(ClassTransformer.java:120) ~[modlauncher-10.0.10.jar:?]
	at cpw.mods.modlauncher.TransformingClassLoader.maybeTransformClassBytes(TransformingClassLoader.java:50) ~[modlauncher-10.0.10.jar:?]
	at cpw.mods.cl.ModuleClassLoader.readerToClass(ModuleClassLoader.java:113) ~[securejarhandler-2.1.10.jar:?]
	at cpw.mods.cl.ModuleClassLoader.lambda$findClass$15(ModuleClassLoader.java:219) ~[securejarhandler-2.1.10.jar:?]
	at cpw.mods.cl.ModuleClassLoader.loadFromModule(ModuleClassLoader.java:229) ~[securejarhandler-2.1.10.jar:?]
	at cpw.mods.cl.ModuleClassLoader.findClass(ModuleClassLoader.java:219) ~[securejarhandler-2.1.10.jar:?]
	at java.lang.ClassLoader.loadClass(ClassLoader.java:637) ~[?:?]
	at java.lang.Class.forName(Class.java:545) ~[?:?]
	at net.minecraftforge.fml.loading.ImmediateWindowHandler$DummyProvider.lambda$updateModuleReads$1(ImmediateWindowHandler.java:145) ~[fmlloader-1.20.1-47.3.12.jar:1.0]
	at java.util.Optional.map(Optional.java:260) ~[?:?]
	at net.minecraftforge.fml.loading.ImmediateWindowHandler$DummyProvider.updateModuleReads(ImmediateWindowHandler.java:145) ~[fmlloader-1.20.1-47.3.12.jar:1.0]
	at net.minecraftforge.fml.loading.ImmediateWindowHandler.acceptGameLayer(ImmediateWindowHandler.java:71) ~[fmlloader-1.20.1-47.3.12.jar:1.0]
	at net.minecraftforge.fml.loading.FMLLoader.beforeStart(FMLLoader.java:216) ~[fmlloader-1.20.1-47.3.12.jar:1.0]
	at net.minecraftforge.fml.loading.targets.CommonLaunchHandler.launchService(CommonLaunchHandler.java:92) ~[fmlloader-1.20.1-47.3.12.jar:?]
	at cpw.mods.modlauncher.LaunchServiceHandlerDecorator.launch(LaunchServiceHandlerDecorator.java:30) ~[modlauncher-10.0.10.jar:?]
	at cpw.mods.modlauncher.LaunchServiceHandler.launch(LaunchServiceHandler.java:53) ~[modlauncher-10.0.10.jar:?]
	at cpw.mods.modlauncher.LaunchServiceHandler.launch(LaunchServiceHandler.java:71) ~[modlauncher-10.0.10.jar:?]
	at cpw.mods.modlauncher.Launcher.run(Launcher.java:108) ~[modlauncher-10.0.10.jar:?]
	at cpw.mods.modlauncher.Launcher.main(Launcher.java:78) ~[modlauncher-10.0.10.jar:?]
	at cpw.mods.modlauncher.BootstrapLaunchConsumer.accept(BootstrapLaunchConsumer.java:26) ~[modlauncher-10.0.10.jar:?]
	at cpw.mods.modlauncher.BootstrapLaunchConsumer.accept(BootstrapLaunchConsumer.java:23) ~[modlauncher-10.0.10.jar:?]
	at cpw.mods.bootstraplauncher.BootstrapLauncher.main(BootstrapLauncher.java:141) ~[bootstraplauncher-1.1.2.jar:?]
Caused by: java.lang.ClassNotFoundException: The specified mixin 'com.unknown.patch.mixin.MapRendererMixin' was not found
	at org.spongepowered.asm.mixin.transformer.MixinInfo.loadMixinClass(MixinInfo.java:1313) ~[mixin-0.8.5.jar:0.8.5+Jenkins-b310.git-155314e6e91465dad727e621a569906a410cd6f4]
	at org.spongepowered.asm.mixin.transformer.MixinInfo.<init>(MixinInfo.java:857) ~[mixin-0.8.5.jar:0.8.5+Jenkins-b310.git-155314e6e91465dad727e621a569906a410cd6f4]
	... 33 more
